<?xml version="1.0" encoding="UTF-8"?>
<!-- Generated by org.testng.reporters.JUnitReportReporter -->
<testsuite hostname="asus-PC" name="com.tal.Base.Runner" tests="1" failures="0" timestamp="25 May 2017 06:55:16 GMT" time="3.197" errors="0">
  <testcase name="run" time="3.197" classname="com.tal.Base.Runner"/>
</testsuite> <!-- com.tal.Base.Runner -->
