<?xml version="1.0" encoding="UTF-8"?>
<!-- Generated by org.testng.reporters.JUnitReportReporter -->
<testsuite hostname="asus-PC" name="com.tal.Base.Runner" tests="1" failures="0" timestamp="26 May 2017 06:07:55 GMT" time="147.387" errors="0">
  <testcase name="run" time="147.387" classname="com.tal.Base.Runner"/>
</testsuite> <!-- com.tal.Base.Runner -->
